{
  "stats": {
    "suites": 1,
    "tests": 1,
    "passes": 1,
    "pending": 0,
    "failures": 0,
    "start": "2025-06-01T01:59:48.310Z",
    "end": "2025-06-01T01:59:53.638Z",
    "duration": 5328,
    "testsRegistered": 1,
    "passPercent": 100,
    "pendingPercent": 0,
    "other": 0,
    "hasOther": false,
    "skipped": 0,
    "hasSkipped": false
  },
  "results": [
    {
      "uuid": "6ebcde87-6c4c-4749-80f5-cc7bd538f958",
      "title": "",
      "fullFile": "cypress\\e2e\\features\\filtrarMusicaYoutube.feature",
      "file": "cypress\\e2e\\features\\filtrarMusicaYoutube.feature",
      "beforeHooks": [],
      "afterHooks": [],
      "tests": [],
      "suites": [
        {
          "uuid": "30a61bf8-4d6b-4753-9721-e3d5e5ef2131",
          "title": "Filtrar Musicas No Youtubee",
          "fullFile": "",
          "file": "",
          "beforeHooks": [],
          "afterHooks": [],
          "tests": [
            {
              "title": "filtrar uma musica no Youtube",
              "fullTitle": "Filtrar Musicas No Youtubee filtrar uma musica no Youtube",
              "timedOut": null,
              "duration": 3173,
              "state": "passed",
              "speed": "fast",
              "pass": true,
              "fail": false,
              "pending": false,
              "context": null,
              "code": "const state = window.testState;\nreturn cy\n  .then(() => state.onStartScenario(scenario, indexedSteps))\n  .then(() =>\n    resolveAndRunBeforeHooks.call(this, scenario.tags, state.feature.name)\n  )\n  .then(() =>\n    indexedSteps.forEach((step) =>\n      stepTest.call(this, state, step, rowData)\n    )\n  )\n  .then(() => state.onFinishScenario(scenario));",
              "err": {},
              "uuid": "93b846b8-5b14-4679-8f4d-2658486fecc6",
              "parentUUID": "30a61bf8-4d6b-4753-9721-e3d5e5ef2131",
              "isHook": false,
              "skipped": false
            }
          ],
          "suites": [],
          "passes": [
            "93b846b8-5b14-4679-8f4d-2658486fecc6"
          ],
          "failures": [],
          "pending": [],
          "skipped": [],
          "duration": 3173,
          "root": false,
          "rootEmpty": false,
          "_timeout": 2000
        }
      ],
      "passes": [],
      "failures": [],
      "pending": [],
      "skipped": [],
      "duration": 0,
      "root": true,
      "rootEmpty": true,
      "_timeout": 2000
    }
  ],
  "meta": {
    "mocha": {
      "version": "7.0.1"
    },
    "mochawesome": {
      "options": {
        "quiet": false,
        "reportFilename": "mochawesome",
        "saveHtml": true,
        "saveJson": true,
        "consoleReporter": "spec",
        "useInlineDiffs": false,
        "code": true
      },
      "version": "7.1.3"
    },
    "marge": {
      "options": null,
      "version": "6.2.0"
    }
  }
}